2019-07-10 15:10:56,116 [INFO] [main] com.framework.AdminApplication [Jdk14Logger.java : 99] Starting AdminApplication on DESKTOP-10O4GET with PID 2160 (D:\Development\Study\universal-framework\framework-admin\target\classes started by shadow in D:\Development\Study\universal-framework)
2019-07-10 15:10:56,122 [INFO] [main] com.framework.AdminApplication [Jdk14Logger.java : 99] The following profiles are active: dev
2019-07-10 15:11:09,972 [WARN] [main] org.springframework.data.convert.CustomConversions [CustomConversions.java : 216] Registering converter from class org.joda.time.LocalDateTime to class java.time.LocalDateTime as reading converter although it doesn't convert from a store-supported type! You might wanna check you annotation setup at the converter implementation.
2019-07-10 15:11:10,082 [WARN] [main] org.springframework.data.convert.CustomConversions [CustomConversions.java : 216] Registering converter from class org.joda.time.LocalDateTime to class java.time.LocalDateTime as reading converter although it doesn't convert from a store-supported type! You might wanna check you annotation setup at the converter implementation.
2019-07-10 15:11:10,099 [WARN] [main] org.springframework.data.convert.CustomConversions [CustomConversions.java : 216] Registering converter from class org.joda.time.LocalDateTime to class java.time.LocalDateTime as reading converter although it doesn't convert from a store-supported type! You might wanna check you annotation setup at the converter implementation.
2019-07-10 15:11:10,642 [INFO] [main] com.framework.AdminApplication [Jdk14Logger.java : 99] Started AdminApplication in 15.362 seconds (JVM running for 19.932)
2019-07-10 15:15:46,439 [INFO] [main] com.framework.AdminApplication [Jdk14Logger.java : 99] Starting AdminApplication on DESKTOP-10O4GET with PID 5116 (D:\Development\Study\universal-framework\framework-admin\target\classes started by shadow in D:\Development\Study\universal-framework)
2019-07-10 15:15:46,439 [INFO] [main] com.framework.AdminApplication [Jdk14Logger.java : 99] The following profiles are active: dev
2019-07-10 15:15:57,600 [WARN] [main] org.springframework.data.convert.CustomConversions [CustomConversions.java : 216] Registering converter from class org.joda.time.LocalDateTime to class java.time.LocalDateTime as reading converter although it doesn't convert from a store-supported type! You might wanna check you annotation setup at the converter implementation.
2019-07-10 15:15:57,616 [WARN] [main] org.springframework.data.convert.CustomConversions [CustomConversions.java : 216] Registering converter from class org.joda.time.LocalDateTime to class java.time.LocalDateTime as reading converter although it doesn't convert from a store-supported type! You might wanna check you annotation setup at the converter implementation.
2019-07-10 15:15:57,631 [WARN] [main] org.springframework.data.convert.CustomConversions [CustomConversions.java : 216] Registering converter from class org.joda.time.LocalDateTime to class java.time.LocalDateTime as reading converter although it doesn't convert from a store-supported type! You might wanna check you annotation setup at the converter implementation.
2019-07-10 15:15:58,232 [INFO] [main] com.framework.AdminApplication [Jdk14Logger.java : 99] Started AdminApplication in 12.339 seconds (JVM running for 16.128)
2019-07-10 15:30:00,187 [INFO] [FrameworkScheduler_Worker-1] com.framework.modules.job.utils.ScheduleJob [ScheduleJob.java : 47] 任务准备执行，任务ID：1
2019-07-10 15:30:00,189 [INFO] [pool-1-thread-1] com.framework.modules.job.task.TestTask [TestTask.java : 23] 我是带参数的test方法，正在被执行，参数为：framework
2019-07-10 15:30:01,199 [INFO] [FrameworkScheduler_Worker-1] com.framework.modules.job.utils.ScheduleJob [ScheduleJob.java : 59] 任务执行完毕，任务ID：1  总共耗时：1012毫秒
2019-07-10 16:00:00,070 [INFO] [FrameworkScheduler_Worker-2] com.framework.modules.job.utils.ScheduleJob [ScheduleJob.java : 47] 任务准备执行，任务ID：1
2019-07-10 16:00:00,083 [INFO] [pool-2-thread-1] com.framework.modules.job.task.TestTask [TestTask.java : 23] 我是带参数的test方法，正在被执行，参数为：framework
2019-07-10 16:00:01,085 [INFO] [FrameworkScheduler_Worker-2] com.framework.modules.job.utils.ScheduleJob [ScheduleJob.java : 59] 任务执行完毕，任务ID：1  总共耗时：1015毫秒
2019-07-10 16:30:00,122 [INFO] [FrameworkScheduler_Worker-3] com.framework.modules.job.utils.ScheduleJob [ScheduleJob.java : 47] 任务准备执行，任务ID：1
2019-07-10 16:30:00,126 [INFO] [pool-3-thread-1] com.framework.modules.job.task.TestTask [TestTask.java : 23] 我是带参数的test方法，正在被执行，参数为：framework
2019-07-10 16:30:01,131 [INFO] [FrameworkScheduler_Worker-3] com.framework.modules.job.utils.ScheduleJob [ScheduleJob.java : 59] 任务执行完毕，任务ID：1  总共耗时：1009毫秒
